<?xml version="1.0" encoding="UTF-8" ?>
<testsuite tests="1" failures="1" name="mockesimerkki.TilaustenKäsittelyMockitoTest" time="0.001" errors="0" skipped="0">
  <properties>
[...]
</properties>
  <testcase classname="mockesimerkki.TilaustenKäsittelyMockitoTest" name="mockesimerkki.TilaustenKäsittelyMockitoTest.testaaKäsittelijäWithMockitoHinnoittelija" time="0.001">
    <failure message="Cannot invoke &quot;mockesimerkki.IHinnoittelija.getAlennusProsentti(mockesimerkki.Asiakas, mockesimerkki.Tuote)&quot; because &quot;this.hinnoittelijaMock&quot; is null" type="java.lang.NullPointerException">java.lang.NullPointerException: Cannot invoke &quot;mockesimerkki.IHinnoittelija.getAlennusProsentti(mockesimerkki.Asiakas, mockesimerkki.Tuote)&quot; because &quot;this.hinnoittelijaMock&quot; is null
	at mockesimerkki.TilaustenKäsittelyMockitoTest.testaaKäsittelijäWithMockitoHinnoittelija(TilaustenKäsittelyMockitoTest.java:31)
</failure>
  </testcase>
</testsuite>